2014/06/25 08:58:54 [error] [php] date(): It is not safe to rely on the system's timezone settings. You are *required* to use the date.timezone setting or the date_default_timezone_set() function. In case you used any of those methods and you are still getting this warning, you most likely misspelled the timezone identifier. We selected the timezone 'UTC' for now, but please set date.timezone to select your timezone. (/Users/yonathanmorales/Sites/Frameworks/Yii/yii-1.1.14.f0fee9/demos/blog/protected/views/post/_view.php:6)
Stack trace:
#0 /Users/yonathanmorales/Sites/Frameworks/Yii/yii-1.1.14.f0fee9/framework/web/CBaseController.php(95): PostController->renderInternal()
#1 /Users/yonathanmorales/Sites/Frameworks/Yii/yii-1.1.14.f0fee9/framework/zii/widgets/CListView.php(291): PostController->renderFile()
#2 /Users/yonathanmorales/Sites/Frameworks/Yii/yii-1.1.14.f0fee9/framework/zii/widgets/CBaseListView.php(167): CListView->renderItems()
#3 unknown(0): CListView->renderSection()
#4 /Users/yonathanmorales/Sites/Frameworks/Yii/yii-1.1.14.f0fee9/framework/zii/widgets/CBaseListView.php(150): preg_replace_callback()
#5 /Users/yonathanmorales/Sites/Frameworks/Yii/yii-1.1.14.f0fee9/framework/zii/widgets/CBaseListView.php(135): CListView->renderContent()
#6 /Users/yonathanmorales/Sites/Frameworks/Yii/yii-1.1.14.f0fee9/framework/web/CBaseController.php(173): CListView->run()
#7 /Users/yonathanmorales/Sites/Frameworks/Yii/yii-1.1.14.f0fee9/demos/blog/protected/views/post/index.php(9): PostController->widget()
#8 /Users/yonathanmorales/Sites/Frameworks/Yii/yii-1.1.14.f0fee9/framework/web/CBaseController.php(126): require()
#9 /Users/yonathanmorales/Sites/Frameworks/Yii/yii-1.1.14.f0fee9/framework/web/CBaseController.php(95): PostController->renderInternal()
#10 /Users/yonathanmorales/Sites/Frameworks/Yii/yii-1.1.14.f0fee9/framework/web/CController.php(869): PostController->renderFile()
#11 /Users/yonathanmorales/Sites/Frameworks/Yii/yii-1.1.14.f0fee9/framework/web/CController.php(782): PostController->renderPartial()
#12 /Users/yonathanmorales/Sites/Frameworks/Yii/yii-1.1.14.f0fee9/demos/blog/protected/controllers/PostController.php(136): PostController->render()
#13 /Users/yonathanmorales/Sites/Frameworks/Yii/yii-1.1.14.f0fee9/framework/web/actions/CInlineAction.php(49): PostController->actionIndex()
#14 /Users/yonathanmorales/Sites/Frameworks/Yii/yii-1.1.14.f0fee9/framework/web/CController.php(308): CInlineAction->runWithParams()
#15 /Users/yonathanmorales/Sites/Frameworks/Yii/yii-1.1.14.f0fee9/framework/web/filters/CFilterChain.php(133): PostController->runAction()
#16 /Users/yonathanmorales/Sites/Frameworks/Yii/yii-1.1.14.f0fee9/framework/web/filters/CFilter.php(40): CFilterChain->run()
#17 /Users/yonathanmorales/Sites/Frameworks/Yii/yii-1.1.14.f0fee9/framework/web/CController.php(1145): CAccessControlFilter->filter()
#18 /Users/yonathanmorales/Sites/Frameworks/Yii/yii-1.1.14.f0fee9/framework/web/filters/CInlineFilter.php(58): PostController->filterAccessControl()
#19 /Users/yonathanmorales/Sites/Frameworks/Yii/yii-1.1.14.f0fee9/framework/web/filters/CFilterChain.php(130): CInlineFilter->filter()
#20 /Users/yonathanmorales/Sites/Frameworks/Yii/yii-1.1.14.f0fee9/framework/web/CController.php(291): CFilterChain->run()
#21 /Users/yonathanmorales/Sites/Frameworks/Yii/yii-1.1.14.f0fee9/framework/web/CController.php(265): PostController->runActionWithFilters()
#22 /Users/yonathanmorales/Sites/Frameworks/Yii/yii-1.1.14.f0fee9/framework/web/CWebApplication.php(282): PostController->run()
#23 /Users/yonathanmorales/Sites/Frameworks/Yii/yii-1.1.14.f0fee9/framework/web/CWebApplication.php(141): CWebApplication->runController()
#24 /Users/yonathanmorales/Sites/Frameworks/Yii/yii-1.1.14.f0fee9/framework/base/CApplication.php(180): CWebApplication->processRequest()
#25 /Users/yonathanmorales/Sites/Frameworks/Yii/yii-1.1.14.f0fee9/demos/blog/index.php(11): CWebApplication->run()
REQUEST_URI=/~yonathanmorales/Frameworks/Yii/yii-1.1.14.f0fee9/demos/blog/
2014/06/25 08:59:12 [error] [php] date(): It is not safe to rely on the system's timezone settings. You are *required* to use the date.timezone setting or the date_default_timezone_set() function. In case you used any of those methods and you are still getting this warning, you most likely misspelled the timezone identifier. We selected the timezone 'UTC' for now, but please set date.timezone to select your timezone. (/Users/yonathanmorales/Sites/Frameworks/Yii/yii-1.1.14.f0fee9/demos/blog/protected/views/post/_view.php:6)
Stack trace:
#0 /Users/yonathanmorales/Sites/Frameworks/Yii/yii-1.1.14.f0fee9/framework/web/CBaseController.php(95): PostController->renderInternal()
#1 /Users/yonathanmorales/Sites/Frameworks/Yii/yii-1.1.14.f0fee9/framework/zii/widgets/CListView.php(291): PostController->renderFile()
#2 /Users/yonathanmorales/Sites/Frameworks/Yii/yii-1.1.14.f0fee9/framework/zii/widgets/CBaseListView.php(167): CListView->renderItems()
#3 unknown(0): CListView->renderSection()
#4 /Users/yonathanmorales/Sites/Frameworks/Yii/yii-1.1.14.f0fee9/framework/zii/widgets/CBaseListView.php(150): preg_replace_callback()
#5 /Users/yonathanmorales/Sites/Frameworks/Yii/yii-1.1.14.f0fee9/framework/zii/widgets/CBaseListView.php(135): CListView->renderContent()
#6 /Users/yonathanmorales/Sites/Frameworks/Yii/yii-1.1.14.f0fee9/framework/web/CBaseController.php(173): CListView->run()
#7 /Users/yonathanmorales/Sites/Frameworks/Yii/yii-1.1.14.f0fee9/demos/blog/protected/views/post/index.php(9): PostController->widget()
#8 /Users/yonathanmorales/Sites/Frameworks/Yii/yii-1.1.14.f0fee9/framework/web/CBaseController.php(126): require()
#9 /Users/yonathanmorales/Sites/Frameworks/Yii/yii-1.1.14.f0fee9/framework/web/CBaseController.php(95): PostController->renderInternal()
#10 /Users/yonathanmorales/Sites/Frameworks/Yii/yii-1.1.14.f0fee9/framework/web/CController.php(869): PostController->renderFile()
#11 /Users/yonathanmorales/Sites/Frameworks/Yii/yii-1.1.14.f0fee9/framework/web/CController.php(782): PostController->renderPartial()
#12 /Users/yonathanmorales/Sites/Frameworks/Yii/yii-1.1.14.f0fee9/demos/blog/protected/controllers/PostController.php(136): PostController->render()
#13 /Users/yonathanmorales/Sites/Frameworks/Yii/yii-1.1.14.f0fee9/framework/web/actions/CInlineAction.php(49): PostController->actionIndex()
#14 /Users/yonathanmorales/Sites/Frameworks/Yii/yii-1.1.14.f0fee9/framework/web/CController.php(308): CInlineAction->runWithParams()
#15 /Users/yonathanmorales/Sites/Frameworks/Yii/yii-1.1.14.f0fee9/framework/web/filters/CFilterChain.php(133): PostController->runAction()
#16 /Users/yonathanmorales/Sites/Frameworks/Yii/yii-1.1.14.f0fee9/framework/web/filters/CFilter.php(40): CFilterChain->run()
#17 /Users/yonathanmorales/Sites/Frameworks/Yii/yii-1.1.14.f0fee9/framework/web/CController.php(1145): CAccessControlFilter->filter()
#18 /Users/yonathanmorales/Sites/Frameworks/Yii/yii-1.1.14.f0fee9/framework/web/filters/CInlineFilter.php(58): PostController->filterAccessControl()
#19 /Users/yonathanmorales/Sites/Frameworks/Yii/yii-1.1.14.f0fee9/framework/web/filters/CFilterChain.php(130): CInlineFilter->filter()
#20 /Users/yonathanmorales/Sites/Frameworks/Yii/yii-1.1.14.f0fee9/framework/web/CController.php(291): CFilterChain->run()
#21 /Users/yonathanmorales/Sites/Frameworks/Yii/yii-1.1.14.f0fee9/framework/web/CController.php(265): PostController->runActionWithFilters()
#22 /Users/yonathanmorales/Sites/Frameworks/Yii/yii-1.1.14.f0fee9/framework/web/CWebApplication.php(282): PostController->run()
#23 /Users/yonathanmorales/Sites/Frameworks/Yii/yii-1.1.14.f0fee9/framework/web/CWebApplication.php(141): CWebApplication->runController()
#24 /Users/yonathanmorales/Sites/Frameworks/Yii/yii-1.1.14.f0fee9/framework/base/CApplication.php(180): CWebApplication->processRequest()
#25 /Users/yonathanmorales/Sites/Frameworks/Yii/yii-1.1.14.f0fee9/demos/blog/index.php(11): CWebApplication->run()
REQUEST_URI=/~yonathanmorales/Frameworks/Yii/yii-1.1.14.f0fee9/demos/blog/index.php/post/index
2014/06/25 08:59:13 [error] [php] date(): It is not safe to rely on the system's timezone settings. You are *required* to use the date.timezone setting or the date_default_timezone_set() function. In case you used any of those methods and you are still getting this warning, you most likely misspelled the timezone identifier. We selected the timezone 'UTC' for now, but please set date.timezone to select your timezone. (/Users/yonathanmorales/Sites/Frameworks/Yii/yii-1.1.14.f0fee9/demos/blog/protected/views/layouts/main.php:47)
Stack trace:
#0 /Users/yonathanmorales/Sites/Frameworks/Yii/yii-1.1.14.f0fee9/framework/web/CBaseController.php(95): SiteController->renderInternal()
#1 /Users/yonathanmorales/Sites/Frameworks/Yii/yii-1.1.14.f0fee9/framework/web/widgets/CContentDecorator.php(76): SiteController->renderFile()
#2 /Users/yonathanmorales/Sites/Frameworks/Yii/yii-1.1.14.f0fee9/framework/web/widgets/CContentDecorator.php(54): CContentDecorator->decorate()
#3 /Users/yonathanmorales/Sites/Frameworks/Yii/yii-1.1.14.f0fee9/framework/web/widgets/COutputProcessor.php(44): CContentDecorator->processOutput()
#4 /Users/yonathanmorales/Sites/Frameworks/Yii/yii-1.1.14.f0fee9/framework/web/CBaseController.php(206): CContentDecorator->run()
#5 /Users/yonathanmorales/Sites/Frameworks/Yii/yii-1.1.14.f0fee9/framework/web/CBaseController.php(300): SiteController->endWidget()
#6 /Users/yonathanmorales/Sites/Frameworks/Yii/yii-1.1.14.f0fee9/demos/blog/protected/views/layouts/column1.php(7): SiteController->endContent()
#7 /Users/yonathanmorales/Sites/Frameworks/Yii/yii-1.1.14.f0fee9/framework/web/CBaseController.php(126): require()
#8 /Users/yonathanmorales/Sites/Frameworks/Yii/yii-1.1.14.f0fee9/framework/web/CBaseController.php(95): SiteController->renderInternal()
#9 /Users/yonathanmorales/Sites/Frameworks/Yii/yii-1.1.14.f0fee9/framework/web/CController.php(784): SiteController->renderFile()
#10 /Users/yonathanmorales/Sites/Frameworks/Yii/yii-1.1.14.f0fee9/framework/web/actions/CViewAction.php(140): SiteController->render()
#11 /Users/yonathanmorales/Sites/Frameworks/Yii/yii-1.1.14.f0fee9/framework/web/actions/CAction.php(76): CViewAction->run()
#12 /Users/yonathanmorales/Sites/Frameworks/Yii/yii-1.1.14.f0fee9/framework/web/CController.php(308): CViewAction->runWithParams()
#13 /Users/yonathanmorales/Sites/Frameworks/Yii/yii-1.1.14.f0fee9/framework/web/CController.php(286): SiteController->runAction()
#14 /Users/yonathanmorales/Sites/Frameworks/Yii/yii-1.1.14.f0fee9/framework/web/CController.php(265): SiteController->runActionWithFilters()
#15 /Users/yonathanmorales/Sites/Frameworks/Yii/yii-1.1.14.f0fee9/framework/web/CWebApplication.php(282): SiteController->run()
#16 /Users/yonathanmorales/Sites/Frameworks/Yii/yii-1.1.14.f0fee9/framework/web/CWebApplication.php(141): CWebApplication->runController()
#17 /Users/yonathanmorales/Sites/Frameworks/Yii/yii-1.1.14.f0fee9/framework/base/CApplication.php(180): CWebApplication->processRequest()
#18 /Users/yonathanmorales/Sites/Frameworks/Yii/yii-1.1.14.f0fee9/demos/blog/index.php(11): CWebApplication->run()
REQUEST_URI=/~yonathanmorales/Frameworks/Yii/yii-1.1.14.f0fee9/demos/blog/index.php/site/page?view=about
2014/06/25 08:59:14 [error] [php] date(): It is not safe to rely on the system's timezone settings. You are *required* to use the date.timezone setting or the date_default_timezone_set() function. In case you used any of those methods and you are still getting this warning, you most likely misspelled the timezone identifier. We selected the timezone 'UTC' for now, but please set date.timezone to select your timezone. (/Users/yonathanmorales/Sites/Frameworks/Yii/yii-1.1.14.f0fee9/demos/blog/protected/views/layouts/main.php:47)
Stack trace:
#0 /Users/yonathanmorales/Sites/Frameworks/Yii/yii-1.1.14.f0fee9/framework/web/CBaseController.php(95): SiteController->renderInternal()
#1 /Users/yonathanmorales/Sites/Frameworks/Yii/yii-1.1.14.f0fee9/framework/web/widgets/CContentDecorator.php(76): SiteController->renderFile()
#2 /Users/yonathanmorales/Sites/Frameworks/Yii/yii-1.1.14.f0fee9/framework/web/widgets/CContentDecorator.php(54): CContentDecorator->decorate()
#3 /Users/yonathanmorales/Sites/Frameworks/Yii/yii-1.1.14.f0fee9/framework/web/widgets/COutputProcessor.php(44): CContentDecorator->processOutput()
#4 /Users/yonathanmorales/Sites/Frameworks/Yii/yii-1.1.14.f0fee9/framework/web/CBaseController.php(206): CContentDecorator->run()
#5 /Users/yonathanmorales/Sites/Frameworks/Yii/yii-1.1.14.f0fee9/framework/web/CBaseController.php(300): SiteController->endWidget()
#6 /Users/yonathanmorales/Sites/Frameworks/Yii/yii-1.1.14.f0fee9/demos/blog/protected/views/layouts/column1.php(7): SiteController->endContent()
#7 /Users/yonathanmorales/Sites/Frameworks/Yii/yii-1.1.14.f0fee9/framework/web/CBaseController.php(126): require()
#8 /Users/yonathanmorales/Sites/Frameworks/Yii/yii-1.1.14.f0fee9/framework/web/CBaseController.php(95): SiteController->renderInternal()
#9 /Users/yonathanmorales/Sites/Frameworks/Yii/yii-1.1.14.f0fee9/framework/web/CController.php(784): SiteController->renderFile()
#10 /Users/yonathanmorales/Sites/Frameworks/Yii/yii-1.1.14.f0fee9/demos/blog/protected/controllers/SiteController.php(57): SiteController->render()
#11 /Users/yonathanmorales/Sites/Frameworks/Yii/yii-1.1.14.f0fee9/framework/web/actions/CInlineAction.php(49): SiteController->actionContact()
#12 /Users/yonathanmorales/Sites/Frameworks/Yii/yii-1.1.14.f0fee9/framework/web/CController.php(308): CInlineAction->runWithParams()
#13 /Users/yonathanmorales/Sites/Frameworks/Yii/yii-1.1.14.f0fee9/framework/web/CController.php(286): SiteController->runAction()
#14 /Users/yonathanmorales/Sites/Frameworks/Yii/yii-1.1.14.f0fee9/framework/web/CController.php(265): SiteController->runActionWithFilters()
#15 /Users/yonathanmorales/Sites/Frameworks/Yii/yii-1.1.14.f0fee9/framework/web/CWebApplication.php(282): SiteController->run()
#16 /Users/yonathanmorales/Sites/Frameworks/Yii/yii-1.1.14.f0fee9/framework/web/CWebApplication.php(141): CWebApplication->runController()
#17 /Users/yonathanmorales/Sites/Frameworks/Yii/yii-1.1.14.f0fee9/framework/base/CApplication.php(180): CWebApplication->processRequest()
#18 /Users/yonathanmorales/Sites/Frameworks/Yii/yii-1.1.14.f0fee9/demos/blog/index.php(11): CWebApplication->run()
REQUEST_URI=/~yonathanmorales/Frameworks/Yii/yii-1.1.14.f0fee9/demos/blog/index.php/site/contact
2014/06/25 08:59:14 [error] [php] date(): It is not safe to rely on the system's timezone settings. You are *required* to use the date.timezone setting or the date_default_timezone_set() function. In case you used any of those methods and you are still getting this warning, you most likely misspelled the timezone identifier. We selected the timezone 'UTC' for now, but please set date.timezone to select your timezone. (/Users/yonathanmorales/Sites/Frameworks/Yii/yii-1.1.14.f0fee9/demos/blog/protected/views/layouts/main.php:47)
Stack trace:
#0 /Users/yonathanmorales/Sites/Frameworks/Yii/yii-1.1.14.f0fee9/framework/web/CBaseController.php(95): SiteController->renderInternal()
#1 /Users/yonathanmorales/Sites/Frameworks/Yii/yii-1.1.14.f0fee9/framework/web/widgets/CContentDecorator.php(76): SiteController->renderFile()
#2 /Users/yonathanmorales/Sites/Frameworks/Yii/yii-1.1.14.f0fee9/framework/web/widgets/CContentDecorator.php(54): CContentDecorator->decorate()
#3 /Users/yonathanmorales/Sites/Frameworks/Yii/yii-1.1.14.f0fee9/framework/web/widgets/COutputProcessor.php(44): CContentDecorator->processOutput()
#4 /Users/yonathanmorales/Sites/Frameworks/Yii/yii-1.1.14.f0fee9/framework/web/CBaseController.php(206): CContentDecorator->run()
#5 /Users/yonathanmorales/Sites/Frameworks/Yii/yii-1.1.14.f0fee9/framework/web/CBaseController.php(300): SiteController->endWidget()
#6 /Users/yonathanmorales/Sites/Frameworks/Yii/yii-1.1.14.f0fee9/demos/blog/protected/views/layouts/column1.php(7): SiteController->endContent()
#7 /Users/yonathanmorales/Sites/Frameworks/Yii/yii-1.1.14.f0fee9/framework/web/CBaseController.php(126): require()
#8 /Users/yonathanmorales/Sites/Frameworks/Yii/yii-1.1.14.f0fee9/framework/web/CBaseController.php(95): SiteController->renderInternal()
#9 /Users/yonathanmorales/Sites/Frameworks/Yii/yii-1.1.14.f0fee9/framework/web/CController.php(784): SiteController->renderFile()
#10 /Users/yonathanmorales/Sites/Frameworks/Yii/yii-1.1.14.f0fee9/demos/blog/protected/controllers/SiteController.php(86): SiteController->render()
#11 /Users/yonathanmorales/Sites/Frameworks/Yii/yii-1.1.14.f0fee9/framework/web/actions/CInlineAction.php(49): SiteController->actionLogin()
#12 /Users/yonathanmorales/Sites/Frameworks/Yii/yii-1.1.14.f0fee9/framework/web/CController.php(308): CInlineAction->runWithParams()
#13 /Users/yonathanmorales/Sites/Frameworks/Yii/yii-1.1.14.f0fee9/framework/web/CController.php(286): SiteController->runAction()
#14 /Users/yonathanmorales/Sites/Frameworks/Yii/yii-1.1.14.f0fee9/framework/web/CController.php(265): SiteController->runActionWithFilters()
#15 /Users/yonathanmorales/Sites/Frameworks/Yii/yii-1.1.14.f0fee9/framework/web/CWebApplication.php(282): SiteController->run()
#16 /Users/yonathanmorales/Sites/Frameworks/Yii/yii-1.1.14.f0fee9/framework/web/CWebApplication.php(141): CWebApplication->runController()
#17 /Users/yonathanmorales/Sites/Frameworks/Yii/yii-1.1.14.f0fee9/framework/base/CApplication.php(180): CWebApplication->processRequest()
#18 /Users/yonathanmorales/Sites/Frameworks/Yii/yii-1.1.14.f0fee9/demos/blog/index.php(11): CWebApplication->run()
REQUEST_URI=/~yonathanmorales/Frameworks/Yii/yii-1.1.14.f0fee9/demos/blog/index.php/site/login
2014/06/25 08:59:17 [error] [php] date(): It is not safe to rely on the system's timezone settings. You are *required* to use the date.timezone setting or the date_default_timezone_set() function. In case you used any of those methods and you are still getting this warning, you most likely misspelled the timezone identifier. We selected the timezone 'UTC' for now, but please set date.timezone to select your timezone. (/Users/yonathanmorales/Sites/Frameworks/Yii/yii-1.1.14.f0fee9/demos/blog/protected/views/post/_view.php:6)
Stack trace:
#0 /Users/yonathanmorales/Sites/Frameworks/Yii/yii-1.1.14.f0fee9/framework/web/CBaseController.php(95): PostController->renderInternal()
#1 /Users/yonathanmorales/Sites/Frameworks/Yii/yii-1.1.14.f0fee9/framework/zii/widgets/CListView.php(291): PostController->renderFile()
#2 /Users/yonathanmorales/Sites/Frameworks/Yii/yii-1.1.14.f0fee9/framework/zii/widgets/CBaseListView.php(167): CListView->renderItems()
#3 unknown(0): CListView->renderSection()
#4 /Users/yonathanmorales/Sites/Frameworks/Yii/yii-1.1.14.f0fee9/framework/zii/widgets/CBaseListView.php(150): preg_replace_callback()
#5 /Users/yonathanmorales/Sites/Frameworks/Yii/yii-1.1.14.f0fee9/framework/zii/widgets/CBaseListView.php(135): CListView->renderContent()
#6 /Users/yonathanmorales/Sites/Frameworks/Yii/yii-1.1.14.f0fee9/framework/web/CBaseController.php(173): CListView->run()
#7 /Users/yonathanmorales/Sites/Frameworks/Yii/yii-1.1.14.f0fee9/demos/blog/protected/views/post/index.php(9): PostController->widget()
#8 /Users/yonathanmorales/Sites/Frameworks/Yii/yii-1.1.14.f0fee9/framework/web/CBaseController.php(126): require()
#9 /Users/yonathanmorales/Sites/Frameworks/Yii/yii-1.1.14.f0fee9/framework/web/CBaseController.php(95): PostController->renderInternal()
#10 /Users/yonathanmorales/Sites/Frameworks/Yii/yii-1.1.14.f0fee9/framework/web/CController.php(869): PostController->renderFile()
#11 /Users/yonathanmorales/Sites/Frameworks/Yii/yii-1.1.14.f0fee9/framework/web/CController.php(782): PostController->renderPartial()
#12 /Users/yonathanmorales/Sites/Frameworks/Yii/yii-1.1.14.f0fee9/demos/blog/protected/controllers/PostController.php(136): PostController->render()
#13 /Users/yonathanmorales/Sites/Frameworks/Yii/yii-1.1.14.f0fee9/framework/web/actions/CInlineAction.php(49): PostController->actionIndex()
#14 /Users/yonathanmorales/Sites/Frameworks/Yii/yii-1.1.14.f0fee9/framework/web/CController.php(308): CInlineAction->runWithParams()
#15 /Users/yonathanmorales/Sites/Frameworks/Yii/yii-1.1.14.f0fee9/framework/web/filters/CFilterChain.php(133): PostController->runAction()
#16 /Users/yonathanmorales/Sites/Frameworks/Yii/yii-1.1.14.f0fee9/framework/web/filters/CFilter.php(40): CFilterChain->run()
#17 /Users/yonathanmorales/Sites/Frameworks/Yii/yii-1.1.14.f0fee9/framework/web/CController.php(1145): CAccessControlFilter->filter()
#18 /Users/yonathanmorales/Sites/Frameworks/Yii/yii-1.1.14.f0fee9/framework/web/filters/CInlineFilter.php(58): PostController->filterAccessControl()
#19 /Users/yonathanmorales/Sites/Frameworks/Yii/yii-1.1.14.f0fee9/framework/web/filters/CFilterChain.php(130): CInlineFilter->filter()
#20 /Users/yonathanmorales/Sites/Frameworks/Yii/yii-1.1.14.f0fee9/framework/web/CController.php(291): CFilterChain->run()
#21 /Users/yonathanmorales/Sites/Frameworks/Yii/yii-1.1.14.f0fee9/framework/web/CController.php(265): PostController->runActionWithFilters()
#22 /Users/yonathanmorales/Sites/Frameworks/Yii/yii-1.1.14.f0fee9/framework/web/CWebApplication.php(282): PostController->run()
#23 /Users/yonathanmorales/Sites/Frameworks/Yii/yii-1.1.14.f0fee9/framework/web/CWebApplication.php(141): CWebApplication->runController()
#24 /Users/yonathanmorales/Sites/Frameworks/Yii/yii-1.1.14.f0fee9/framework/base/CApplication.php(180): CWebApplication->processRequest()
#25 /Users/yonathanmorales/Sites/Frameworks/Yii/yii-1.1.14.f0fee9/demos/blog/index.php(11): CWebApplication->run()
REQUEST_URI=/~yonathanmorales/Frameworks/Yii/yii-1.1.14.f0fee9/demos/blog/index.php
